Princip.c
Jogo.c
Tabuleiro.c
Lista.c
Peca.c
Microsoft (R) Incremental Linker Version 11.00.51106.1
Copyright (C) Microsoft Corporation.  All rights reserved.

/OUT:..\Produto\JogoDeDamas.exe 
/INCREMENTAL:NO 
/MACHINE:IX86 
Princip.obj Jogo.obj Tabuleiro.obj Lista.obj Peca.obj 
ArcaboucoTeste.lib 
Lista.c
Peca.c
Tabuleiro.c
TestTab.c
Jogo.c
Princip.c
Microsoft (R) Incremental Linker Version 11.00.51106.1
Copyright (C) Microsoft Corporation.  All rights reserved.

/OUT:..\Produto\JogoDeDamasDebug.exe 
/INCREMENTAL:NO 
/MACHINE:IX86 
Lista.obj Peca.obj Tabuleiro.obj TestTab.obj Jogo.obj 
Princip.obj 
ArcaboucoTeste.lib 
Lista.c
TestLis.c
Microsoft (R) Incremental Linker Version 11.00.51106.1
Copyright (C) Microsoft Corporation.  All rights reserved.

/OUT:..\Produto\TesteLista.exe 
/INCREMENTAL:NO 
/MACHINE:IX86 
Lista.obj TestLis.obj 
ArcaboucoTeste.lib 
TestPeca.c
Peca.c
Microsoft (R) Incremental Linker Version 11.00.51106.1
Copyright (C) Microsoft Corporation.  All rights reserved.

/OUT:..\Produto\TestePeca.exe 
/INCREMENTAL:NO 
/MACHINE:IX86 
TestPeca.obj Peca.obj 
ArcaboucoTeste.lib 
Lista.c
Peca.c
Tabuleiro.c
TestTab.c
Microsoft (R) Incremental Linker Version 11.00.51106.1
Copyright (C) Microsoft Corporation.  All rights reserved.

/OUT:..\Produto\TesteTabuleiro.exe 
/INCREMENTAL:NO 
/MACHINE:IX86 
Lista.obj Peca.obj Tabuleiro.obj TestTab.obj 
ArcaboucoTeste.lib 
Lista.c
Peca.c
Tabuleiro.c
TestTab.c
Microsoft (R) Incremental Linker Version 11.00.51106.1
Copyright (C) Microsoft Corporation.  All rights reserved.

/OUT:..\Produto\TesteTabuleiroControleEspaco.exe 
/INCREMENTAL:NO 
/MACHINE:IX86 
Lista.obj Peca.obj Tabuleiro.obj TestTab.obj 
ArcaboucoTeste.lib 
Lista.c
Peca.c
Tabuleiro.c
TestTab.c
Microsoft (R) Incremental Linker Version 11.00.51106.1
Copyright (C) Microsoft Corporation.  All rights reserved.

/OUT:..\Produto\TesteTabuleiroDeturpa.exe 
/INCREMENTAL:NO 
/MACHINE:IX86 
Lista.obj Peca.obj Tabuleiro.obj TestTab.obj 
ArcaboucoTeste.lib 
